06-04-2018 20:11:56 - [WARNING] Saredo Tsumibito wa Ryuu to Odoru： Dances with the Dragons 01 Don't match syntax, file not added !
06-04-2018 20:11:56 - [WARNING] Megalo Box 01 Exists and was not added.
06-04-2018 20:11:56 - [WARNING] Tadakun wa Koi wo Shinai 01 Exists and was not added.
06-04-2018 20:11:56 - [WARNING] Comic Girls 01 Exists and was not added.
06-04-2018 20:11:56 - [WARNING] Idolish Seven 15.5 Exists and was not added.
06-04-2018 20:11:56 - [WARNING] Idolish Seven 15 Exists and was not added.
06-04-2018 20:11:56 - [WARNING] Kamisama Minarai Himitsu no Cocotama 127 Exists and was not added.
06-04-2018 20:11:56 - [WARNING] Aikatsu Friends! 01 Exists and was not added.
06-04-2018 20:11:56 - [WARNING] Amanchu! 13 Exists and was not added.
06-04-2018 20:11:56 - [WARNING] Tokyo Ghoul：Re 01 Don't match syntax, file not added !
06-04-2018 20:11:56 - [WARNING] YuGiOh! VRAINS 046 Exists and was not added.
06-04-2018 20:11:56 - [WARNING] Tachibanakan to Lie Angle 01 Exists and was not added.
06-04-2018 20:11:56 - [WARNING] Saiki Kusuo no Psi Nan 2 12 Exists and was not added.
06-04-2018 20:11:56 - [WARNING] Boruto 52 Exists and was not added.
06-04-2018 20:11:56 - [WARNING] Alice or Alice： Siscon Niisan to Futago no Imouto 01 Don't match syntax, file not added !
06-04-2018 20:11:56 - [WARNING] Lupin Sansei (2018) 01 Exists and was not added.
06-04-2018 20:11:56 - [WARNING] 3D Kanojo： Real Girl 01 Don't match syntax, file not added !
06-04-2018 20:11:56 - [WARNING] Shiyan Pin Jiating 00 Exists and was not added.
06-04-2018 20:11:56 - [WARNING] Gundam Build Divers 01 Exists and was not added.
06-04-2018 20:11:56 - [WARNING] Black Clover (2017) 26 Exists and was not added.
06-04-2018 20:11:56 - [WARNING] Kakuriyo no Yadomeshi 01 Exists and was not added.
06-04-2018 20:11:56 - [WARNING] Souten no Ken： Regenesis (2018) 00 Don't match syntax, file not added !
06-04-2018 20:11:56 - [WARNING] Uchuu Senkan Tiramisu 01 Exists and was not added.
06-04-2018 20:11:56 - [WARNING] Captain Tsubasa (2018) 01 Exists and was not added.
06-04-2018 20:11:56 - [WARNING] Uma Musume： Pretty Derby 02 Don't match syntax, file not added !
06-04-2018 20:11:56 - [WARNING] Uma Musume： Pretty Derby 01 Don't match syntax, file not added !
06-04-2018 20:11:56 - [WARNING] Nil Admirari no Tenbin Teito Genwaku Kitan 00 Exists and was not added.
06-04-2018 20:11:56 - [WARNING] Mahou Shoujo Ore 01 Exists and was not added.
06-04-2018 20:11:56 - [WARNING] Puzzle & Dragons 01 Exists and was not added.
06-04-2018 20:11:56 - [WARNING] Beyblade Burst Chouzetsu 01 Exists and was not added.
06-04-2018 20:11:56 - [WARNING] Amai Choubatsu： Watashi wa Kanshu Sen'you Pet 01 Don't match syntax, file not added !
06-04-2018 20:11:56 - [WARNING] Yowamushi Pedal： Glory Line 13 Don't match syntax, file not added !
06-04-2018 20:11:56 - [WARNING] Basilisk： Ouka Ninpouchou 13 Don't match syntax, file not added !
06-04-2018 20:11:56 - [WARNING] One Piece 830 Exists and was not added.
06-04-2018 20:11:56 - [WARNING] Hugtto! Precure 09 Exists and was not added.
06-04-2018 20:11:56 - [WARNING] Hitori no Shita： The Outcast 2 11 Don't match syntax, file not added !
06-04-2018 20:11:56 - [WARNING] Duel Masters! 01 Exists and was not added.
06-04-2018 20:11:56 - [WARNING] Spiritpact： Yomi no Chigiri 06 Don't match syntax, file not added !
06-04-2018 20:11:56 - [WARNING] Gegege no Kitarou (2018) 01 Exists and was not added.
06-04-2018 20:11:56 - [WARNING] 3gatsu no Lion 2 21 Exists and was not added.
06-04-2018 20:11:56 - [WARNING] Darling in the FranXX 12 Exists and was not added.
06-04-2018 20:11:56 - [WARNING] Bonobono (2016) 102 Exists and was not added.
06-04-2018 20:11:56 - [WARNING] Shinkansen Henkei Robo Shinkalion The Animation 13 Exists and was not added.
06-04-2018 20:11:56 - [WARNING] Pochitto Hatsumei： PikachinKit 13 Don't match syntax, file not added !
06-04-2018 20:11:56 - [WARNING] Nanatsu no Taizai： Imashime no Fukkatsu 12 Don't match syntax, file not added !
06-04-2018 20:11:56 - [WARNING] Toji no Miko 12.5 Exists and was not added.
06-04-2018 20:11:56 - [WARNING] Hakyuu Houshin Engi 11 Exists and was not added.
06-04-2018 20:11:56 - [WARNING] Grancrest Senki 12 Exists and was not added.
06-04-2018 20:11:56 - [WARNING] Cardcaptor Sakura： Clear Cardhen 12 Don't match syntax, file not added !
06-04-2018 20:11:56 - [WARNING] Beatless 10 Exists and was not added.
06-04-2018 20:11:56 - [WARNING] Kamisama Minarai Himitsu no Cocotama 126 Exists and was not added.
06-04-2018 20:11:56 - [WARNING] YuGiOh! VRAINS 045 Exists and was not added.
06-04-2018 20:11:56 - [WARNING] Violet Evergarden 12 Exists and was not added.
