06-04-2018 00:18:14 - [WARNING] Kamisama Minarai Himitsu no Cocotama 127 Exists and was not added.
06-04-2018 00:18:14 - [WARNING] Aikatsu Friends! 01 Exists and was not added.
06-04-2018 00:18:14 - [WARNING] Amanchu! 13 Exists and was not added.
06-04-2018 00:18:14 - [WARNING] Tokyo Ghoul：Re 01 Don't match syntax, file not added !
06-04-2018 00:18:14 - [WARNING] YuGiOh! VRAINS 046 Exists and was not added.
06-04-2018 00:18:14 - [WARNING] Tachibanakan to Lie Angle 01 Exists and was not added.
06-04-2018 00:18:14 - [WARNING] Saiki Kusuo no Psi Nan 2 12 Exists and was not added.
06-04-2018 00:18:14 - [WARNING] Boruto 52 Exists and was not added.
06-04-2018 00:18:14 - [WARNING] Alice or Alice： Siscon Niisan to Futago no Imouto 01 Don't match syntax, file not added !
06-04-2018 00:18:14 - [WARNING] Lupin Sansei (2018) 01 Exists and was not added.
06-04-2018 00:18:14 - [WARNING] 3D Kanojo： Real Girl 01 Don't match syntax, file not added !
06-04-2018 00:18:14 - [WARNING] Shiyan Pin Jiating 00 Exists and was not added.
06-04-2018 00:18:14 - [WARNING] Gundam Build Divers 01 Exists and was not added.
06-04-2018 00:18:14 - [WARNING] Black Clover (2017) 26 Exists and was not added.
06-04-2018 00:18:14 - [WARNING] Kakuriyo no Yadomeshi 01 Exists and was not added.
06-04-2018 00:18:14 - [WARNING] Souten no Ken： Regenesis (2018) 00 Don't match syntax, file not added !
06-04-2018 00:18:14 - [WARNING] Uchuu Senkan Tiramisu 01 Exists and was not added.
06-04-2018 00:18:14 - [WARNING] Captain Tsubasa (2018) 01 Exists and was not added.
06-04-2018 00:18:14 - [WARNING] Uma Musume： Pretty Derby 02 Don't match syntax, file not added !
06-04-2018 00:18:14 - [WARNING] Uma Musume： Pretty Derby 01 Don't match syntax, file not added !
06-04-2018 00:18:14 - [WARNING] Nil Admirari no Tenbin Teito Genwaku Kitan 00 Exists and was not added.
06-04-2018 00:18:14 - [WARNING] Mahou Shoujo Ore 01 Exists and was not added.
06-04-2018 00:18:14 - [WARNING] Puzzle & Dragons 01 Exists and was not added.
06-04-2018 00:18:14 - [WARNING] Beyblade Burst Chouzetsu 01 Exists and was not added.
06-04-2018 00:18:14 - [WARNING] Amai Choubatsu： Watashi wa Kanshu Sen'you Pet 01 Don't match syntax, file not added !
06-04-2018 00:18:14 - [WARNING] Yowamushi Pedal： Glory Line 13 Don't match syntax, file not added !
06-04-2018 00:18:14 - [WARNING] Basilisk： Ouka Ninpouchou 13 Don't match syntax, file not added !
06-04-2018 00:18:14 - [INFO] One Piece 830 Added !
06-04-2018 00:18:15 - [INFO] Hugtto! Precure 09 Added !
06-04-2018 00:18:16 - [WARNING] Hitori no Shita： The Outcast 2 11 Don't match syntax, file not added !
06-04-2018 00:18:16 - [INFO] Duel Masters! 01 Added !
06-04-2018 00:18:16 - [WARNING] Spiritpact： Yomi no Chigiri 06 Don't match syntax, file not added !
06-04-2018 00:18:16 - [INFO] Gegege no Kitarou (2018) 01 Added !
06-04-2018 00:18:17 - [INFO] 3gatsu no Lion 2 21 Added !
06-04-2018 00:18:18 - [INFO] Darling in the FranXX 12 Added !
06-04-2018 00:18:18 - [INFO] Bonobono (2016) 102 Added !
06-04-2018 00:18:19 - [INFO] Shinkansen Henkei Robo Shinkalion The Animation 13 Added !
06-04-2018 00:18:20 - [WARNING] Pochitto Hatsumei： PikachinKit 13 Don't match syntax, file not added !
06-04-2018 00:18:20 - [WARNING] Nanatsu no Taizai： Imashime no Fukkatsu 12 Don't match syntax, file not added !
06-04-2018 00:18:20 - [INFO] Toji no Miko 12.5 Added !
06-04-2018 00:18:20 - [INFO] Hakyuu Houshin Engi 11 Added !
06-04-2018 00:18:21 - [INFO] Grancrest Senki 12 Added !
06-04-2018 00:18:22 - [WARNING] Cardcaptor Sakura： Clear Cardhen 12 Don't match syntax, file not added !
06-04-2018 00:18:22 - [INFO] Beatless 10 Added !
06-04-2018 00:18:22 - [INFO] Kamisama Minarai Himitsu no Cocotama 126 Added !
06-04-2018 00:18:23 - [INFO] YuGiOh! VRAINS 045 Added !
06-04-2018 00:18:23 - [INFO] Violet Evergarden 12 Added !
06-04-2018 00:18:24 - [INFO] Boruto 51 Added !
06-04-2018 00:18:25 - [INFO] Overlord II 12 Added !
06-04-2018 00:18:25 - [INFO] Overlord II Special 12 Added !
06-04-2018 00:18:26 - [INFO] Saiki Kusuo no Psi Nan 2 11 Added !
